<?xml version="1.0" encoding="UTF-8"?>
<!-- Generated by org.testng.reporters.JUnitReportReporter -->
<testsuite skipped="0" hostname="user-PC" name="com.zealconnect.loginpage.LoginPageTestCase" tests="2" failures="0" timestamp="02 Nov 2018 11:18:59 GMT" time="29.564" errors="0">
  <testcase name="loginTestCase" time="15.120" classname="com.zealconnect.loginpage.LoginPageTestCase"/>
  <testcase name="loginTestCaseAssert" time="14.444" classname="com.zealconnect.loginpage.LoginPageTestCase"/>
</testsuite> <!-- com.zealconnect.loginpage.LoginPageTestCase -->
