<?xml version="1.0" encoding="UTF-8"?>
<!-- Generated by org.testng.reporters.JUnitReportReporter -->
<testsuite skipped="0" hostname="user-PC" name="com.zealconnect.loginpage.LoginPageTestCase" tests="1" failures="0" timestamp="02 Nov 2018 06:55:35 GMT" time="21.385" errors="0">
  <testcase name="loginTestCase" time="21.385" classname="com.zealconnect.loginpage.LoginPageTestCase"/>
</testsuite> <!-- com.zealconnect.loginpage.LoginPageTestCase -->
